npm verb cli C:\Program Files\nodejs\node.exe C:\Program Files\nodejs\node_modules\npm\bin\npm-cli.js
npm info using npm@10.2.4
npm info using node@v21.5.0
npm verb title npm install
npm verb argv "install" "--legacy-peer-deps" "--loglevel" "verbose"
npm verb logfile logs-max:10 dir:C:\Users\abuba\AppData\Local\npm-cache\_logs\2024-01-11T17_16_14_772Z-
npm verb logfile C:\Users\abuba\AppData\Local\npm-cache\_logs\2024-01-11T17_16_14_772Z-debug-0.log
npm http fetch GET 200 https://registry.npmjs.org/cypress 225ms (cache revalidated)
npm http fetch GET 200 https://registry.npmjs.org/cypress-cucumber-preprocessor 1797ms (cache revalidated)
npm http fetch GET 200 https://registry.npmjs.org/cypress-multi-reporters 1146ms (cache revalidated)
npm http fetch GET 200 https://registry.npmjs.org/cypress-xpath 1109ms (cache revalidated)
npm http fetch GET 200 https://registry.npmjs.org/mocha-junit-reporter 2936ms (cache revalidated)
npm http fetch GET 200 https://registry.npmjs.org/mochawesome 115ms (cache revalidated)
npm http fetch GET 200 https://registry.npmjs.org/@babel%2ftraverse 68ms (cache revalidated)
npm http fetch GET 200 https://registry.npmjs.org/@percy%2fcli 4862ms (cache revalidated)
npm http fetch GET 200 https://registry.npmjs.org/@shelex%2fcypress-allure-plugin 2806ms (cache revalidated)
npm http fetch GET 200 https://registry.npmjs.org/@types%2fcypress 2017ms (cache revalidated)
npm http fetch GET 200 https://registry.npmjs.org/browserify-sign 99ms (cache revalidated)
npm http fetch GET 200 https://registry.npmjs.org/browserstack-cypress-cli 2013ms (cache revalidated)
npm http fetch GET 200 https://registry.npmjs.org/cypress-each 1079ms (cache revalidated)
npm http fetch GET 200 https://registry.npmjs.org/cypress-image-diff-html-report 1102ms (cache revalidated)
npm http fetch GET 200 https://registry.npmjs.org/cypress-image-diff-js 1059ms (cache revalidated)
npm http fetch GET 200 https://registry.npmjs.org/@babel%2fcode-frame 244ms (cache revalidated)
npm http fetch GET 200 https://registry.npmjs.org/strip-ansi 368ms (cache revalidated)
npm http fetch GET 200 https://registry.npmjs.org/fs-extra 373ms (cache revalidated)
npm http fetch GET 200 https://registry.npmjs.org/lodash.isstring 372ms (cache revalidated)
npm http fetch GET 200 https://registry.npmjs.org/handlebars 421ms (cache revalidated)
npm http fetch GET 200 https://registry.npmjs.org/debug 557ms (cache revalidated)
npm http fetch GET 200 https://registry.npmjs.org/commander 559ms (cache revalidated)
npm http fetch GET 200 https://registry.npmjs.org/dayjs 560ms (cache revalidated)
npm http fetch GET 200 https://registry.npmjs.org/debug 577ms (cache revalidated)
npm http fetch GET 200 https://registry.npmjs.org/globals 589ms (cache revalidated)
npm http fetch GET 200 https://registry.npmjs.org/@babel%2fhelper-hoist-variables 591ms (cache revalidated)
npm http fetch GET 200 https://registry.npmjs.org/crypto-js 589ms (cache revalidated)
npm http fetch GET 200 https://registry.npmjs.org/@babel%2fhelper-environment-visitor 594ms (cache revalidated)
npm http fetch GET 200 https://registry.npmjs.org/uuid 590ms (cache revalidated)
npm http fetch GET 200 https://registry.npmjs.org/@babel%2ftypes 595ms (cache revalidated)
npm http fetch GET 200 https://registry.npmjs.org/@babel%2fparser 596ms (cache revalidated)
npm http fetch GET 200 https://registry.npmjs.org/object-inspect 604ms (cache revalidated)
npm http fetch GET 200 https://registry.npmjs.org/debug 605ms (cache revalidated)
npm http fetch GET 200 https://registry.npmjs.org/readable-stream 603ms (cache revalidated)
npm http fetch GET 200 https://registry.npmjs.org/fs-extra 602ms (cache revalidated)
npm http fetch GET 200 https://registry.npmjs.org/open 587ms (cache revalidated)
npm http fetch GET 200 https://registry.npmjs.org/express 589ms (cache revalidated)
npm http fetch GET 200 https://registry.npmjs.org/@babel%2fhelper-function-name 621ms (cache revalidated)
npm http fetch GET 200 https://registry.npmjs.org/@babel%2fhelper-split-export-declaration 625ms (cache revalidated)
npm http fetch GET 200 https://registry.npmjs.org/glob 628ms (cache revalidated)
npm http fetch GET 200 https://registry.npmjs.org/chalk 631ms (cache revalidated)
npm http fetch GET 200 https://registry.npmjs.org/uuid 630ms (cache revalidated)
npm http fetch GET 200 https://registry.npmjs.org/safe-buffer 634ms (cache revalidated)
npm http fetch GET 200 https://registry.npmjs.org/common-tags 627ms (cache revalidated)
npm http fetch GET 200 https://registry.npmjs.org/@babel%2fgenerator 643ms (cache revalidated)
npm http fetch GET 200 https://registry.npmjs.org/request 656ms (cache revalidated)
npm http fetch GET 200 https://registry.npmjs.org/mkdirp 667ms (cache revalidated)
npm http fetch GET 200 https://registry.npmjs.org/async 674ms (cache revalidated)
npm http fetch GET 200 https://registry.npmjs.org/bluebird 669ms (cache revalidated)
npm http fetch GET 200 https://registry.npmjs.org/path-browserify 682ms (cache revalidated)
npm http fetch GET 200 https://registry.npmjs.org/elliptic 679ms (cache revalidated)
npm http fetch GET 200 https://registry.npmjs.org/chalk 673ms (cache revalidated)
npm http fetch GET 200 https://registry.npmjs.org/create-hash 681ms (cache revalidated)
npm http fetch GET 200 https://registry.npmjs.org/cac 664ms (cache revalidated)
npm http fetch GET 200 https://registry.npmjs.org/parse-asn1 682ms (cache revalidated)
npm http fetch GET 200 https://registry.npmjs.org/execa 674ms (cache revalidated)
npm http fetch GET 200 https://registry.npmjs.org/cli-cursor 675ms (cache revalidated)
npm http fetch GET 200 https://registry.npmjs.org/archiver 683ms (cache revalidated)
npm http fetch GET 200 https://registry.npmjs.org/browserify-rsa 687ms (cache revalidated)
npm http fetch GET 200 https://registry.npmjs.org/git-repo-info 683ms (cache revalidated)
npm http fetch GET 200 https://registry.npmjs.org/log-symbols 676ms (cache revalidated)
npm http fetch GET 200 https://registry.npmjs.org/buffer 680ms (cache revalidated)
npm http fetch GET 200 https://registry.npmjs.org/pretty-bytes 680ms (cache revalidated)
npm http fetch GET 200 https://registry.npmjs.org/inherits 693ms (cache revalidated)
npm http fetch GET 200 https://registry.npmjs.org/windows-release 694ms (cache revalidated)
npm http fetch GET 200 https://registry.npmjs.org/table 695ms (cache revalidated)
npm http fetch GET 200 https://registry.npmjs.org/proxy-from-env 692ms (cache revalidated)
npm http fetch GET 200 https://registry.npmjs.org/update-notifier 706ms (cache revalidated)
npm http fetch GET 200 https://registry.npmjs.org/create-hmac 717ms (cache revalidated)
npm http fetch GET 200 https://registry.npmjs.org/cosmiconfig 704ms (cache revalidated)
npm http fetch GET 200 https://registry.npmjs.org/process 707ms (cache revalidated)
npm http fetch GET 200 https://registry.npmjs.org/gitconfiglocal 720ms (cache revalidated)
npm http fetch GET 200 https://registry.npmjs.org/winston 721ms (cache revalidated)
npm http fetch GET 200 https://registry.npmjs.org/supports-color 715ms (cache revalidated)
npm http fetch GET 200 https://registry.npmjs.org/chalk 711ms (cache revalidated)
npm http fetch GET 200 https://registry.npmjs.org/minimist 719ms (cache revalidated)
npm http fetch GET 200 https://registry.npmjs.org/cachedir 724ms (cache revalidated)
npm http fetch GET 200 https://registry.npmjs.org/arch 725ms (cache revalidated)
npm http fetch GET 200 https://registry.npmjs.org/fs-extra 712ms (cache revalidated)
npm http fetch GET 200 https://registry.npmjs.org/fs-extra 722ms (cache revalidated)
npm http fetch GET 200 https://registry.npmjs.org/cli-table3 725ms (cache revalidated)
npm http fetch GET 200 https://registry.npmjs.org/minimist 719ms (cache revalidated)
npm http fetch GET 200 https://registry.npmjs.org/debug 721ms (cache revalidated)
npm http fetch GET 200 https://registry.npmjs.org/semver 725ms (cache revalidated)
npm http fetch GET 200 https://registry.npmjs.org/glob 723ms (cache revalidated)
npm http fetch GET 200 https://registry.npmjs.org/bn.js 740ms (cache revalidated)
npm http fetch GET 200 https://registry.npmjs.org/enquirer 732ms (cache revalidated)
npm http fetch GET 200 https://registry.npmjs.org/yargs 739ms (cache revalidated)
npm http fetch GET 200 https://registry.npmjs.org/figures 736ms (cache revalidated)
npm http fetch GET 200 https://registry.npmjs.org/eventemitter2 738ms (cache revalidated)
npm http fetch GET 200 https://registry.npmjs.org/is-installed-globally 738ms (cache revalidated)
npm http fetch GET 200 https://registry.npmjs.org/tmp 736ms (cache revalidated)
npm http fetch GET 200 https://registry.npmjs.org/check-more-types 741ms (cache revalidated)
npm http fetch GET 200 https://registry.npmjs.org/mocha 747ms (cache revalidated)
npm http fetch GET 200 https://registry.npmjs.org/@babel%2fruntime 736ms (cache revalidated)
npm http fetch GET 200 https://registry.npmjs.org/arg 736ms (cache revalidated)
npm http fetch GET 200 https://registry.npmjs.org/lodash 746ms (cache revalidated)
npm http fetch GET 200 https://registry.npmjs.org/is-ci 748ms (cache revalidated)
npm http fetch GET 200 https://registry.npmjs.org/pngjs 740ms (cache revalidated)
npm http fetch GET 200 https://registry.npmjs.org/chokidar 747ms (cache revalidated)
npm http fetch GET 200 https://registry.npmjs.org/listr2 751ms (cache revalidated)
npm http fetch GET 200 https://registry.npmjs.org/pixelmatch 747ms (cache revalidated)
npm http fetch GET 200 https://registry.npmjs.org/@types%2fsizzle 762ms (cache revalidated)
npm http fetch GET 200 https://registry.npmjs.org/dargs 753ms (cache revalidated)
npm http fetch GET 200 https://registry.npmjs.org/through 753ms (cache revalidated)
npm http fetch GET 200 https://registry.npmjs.org/uuid 746ms (cache revalidated)
npm http fetch GET 200 https://registry.npmjs.org/mkdirp 750ms (cache revalidated)
npm http fetch GET 200 https://registry.npmjs.org/extract-zip 762ms (cache revalidated)
npm http fetch GET 200 https://registry.npmjs.org/chai 758ms (cache revalidated)
npm http fetch GET 200 https://registry.npmjs.org/decompress 769ms (cache revalidated)
npm http fetch GET 200 https://registry.npmjs.org/diff 756ms (cache revalidated)
npm http fetch GET 200 https://registry.npmjs.org/mochawesome-report-generator 756ms (cache revalidated)
npm http fetch GET 200 https://registry.npmjs.org/@types%2fsinonjs__fake-timers 776ms (cache revalidated)
npm http fetch GET 200 https://registry.npmjs.org/lazy-ass 771ms (cache revalidated)
npm http fetch GET 200 https://registry.npmjs.org/request-progress 771ms (cache revalidated)
npm http fetch GET 200 https://registry.npmjs.org/lodash.isobject 774ms (cache revalidated)
npm http fetch GET 200 https://registry.npmjs.org/lodash.isfunction 775ms (cache revalidated)
npm http fetch GET 200 https://registry.npmjs.org/xml 783ms (cache revalidated)
npm http fetch GET 200 https://registry.npmjs.org/md5 789ms (cache revalidated)
npm http fetch GET 200 https://registry.npmjs.org/json-stringify-safe 789ms (cache revalidated)
npm http fetch GET 200 https://registry.npmjs.org/lodash.isempty 803ms (cache revalidated)
npm http fetch GET 200 https://registry.npmjs.org/untildify 816ms (cache revalidated)
npm http fetch GET 200 https://registry.npmjs.org/@cypress%2frequest 1052ms (cache revalidated)
npm http fetch GET 200 https://registry.npmjs.org/@types%2fnode 1107ms (cache revalidated)
npm http fetch GET 200 https://registry.npmjs.org/@cypress%2fxvfb 1173ms (cache revalidated)
npm http fetch GET 200 https://registry.npmjs.org/@colors%2fcolors 1166ms (cache revalidated)
npm http fetch GET 200 https://registry.npmjs.org/@cypress%2fbrowserify-preprocessor 1187ms (cache revalidated)
npm http fetch GET 200 https://registry.npmjs.org/executable 1523ms (cache revalidated)
npm http fetch GET 200 https://registry.npmjs.org/cypress-recurse 1561ms (cache revalidated)
npm http fetch GET 200 https://registry.npmjs.org/node-ipc 1605ms (cache revalidated)
npm http fetch GET 200 https://registry.npmjs.org/getmac 1636ms (cache revalidated)
npm http fetch GET 200 https://registry.npmjs.org/cli-progress 1637ms (cache revalidated)
npm http fetch GET 200 https://registry.npmjs.org/requestretry 1657ms (cache revalidated)
npm http fetch GET 200 https://registry.npmjs.org/cucumber-tag-expressions 1676ms (cache revalidated)
npm http fetch GET 200 https://registry.npmjs.org/gherkin 1678ms (cache revalidated)
npm http fetch GET 200 https://registry.npmjs.org/blob-util 1728ms (cache revalidated)
npm http fetch GET 200 https://registry.npmjs.org/getos 1755ms (cache revalidated)
npm http fetch GET 200 https://registry.npmjs.org/cucumber-expressions 1762ms (cache revalidated)
npm http fetch GET 200 https://registry.npmjs.org/ospath 1768ms (cache revalidated)
npm http fetch GET 200 https://registry.npmjs.org/js-string-escape 1844ms (cache revalidated)
npm http fetch GET 200 https://registry.npmjs.org/browserstack-local 2484ms (cache revalidated)
npm http fetch GET 200 https://registry.npmjs.org/git-last-commit 2558ms (cache revalidated)
npm http fetch GET 200 https://registry.npmjs.org/cucumber 2565ms (cache revalidated)
npm http fetch GET 200 https://registry.npmjs.org/yauzl 2644ms (cache revalidated)
npm http fetch GET 200 https://registry.npmjs.org/@percy%2fcli-config 3022ms (cache revalidated)
npm http fetch GET 200 https://registry.npmjs.org/@percy%2fcli-app 3094ms (cache revalidated)
npm http fetch GET 200 https://registry.npmjs.org/@percy%2flogger 3118ms (cache revalidated)
npm http fetch GET 200 https://registry.npmjs.org/@percy%2fcli-build 3136ms (cache revalidated)
npm http fetch GET 200 https://registry.npmjs.org/@percy%2fcli-snapshot 3162ms (cache revalidated)
npm http fetch GET 200 https://registry.npmjs.org/@percy%2fclient 3175ms (cache revalidated)
npm http fetch GET 200 https://registry.npmjs.org/@percy%2fcli-exec 3277ms (cache revalidated)
npm http fetch GET 200 https://registry.npmjs.org/@percy%2fcli-upload 3359ms (cache revalidated)
npm http fetch GET 200 https://registry.npmjs.org/@percy%2fcli-command 3754ms (cache revalidated)
npm http fetch GET 200 https://registry.npmjs.org/@shelex%2fallure-js-commons-browser 3828ms (cache revalidated)
npm http fetch GET 200 https://registry.npmjs.org/jsesc 56ms (cache revalidated)
npm http fetch GET 200 https://registry.npmjs.org/@babel%2ftemplate 56ms (cache revalidated)
npm http fetch GET 200 https://registry.npmjs.org/ms 55ms (cache revalidated)
npm http fetch GET 200 https://registry.npmjs.org/to-fast-properties 57ms (cache revalidated)
npm http fetch GET 200 https://registry.npmjs.org/@babel%2fhighlight 62ms (cache revalidated)
npm http fetch GET 200 https://registry.npmjs.org/@babel%2fhelper-string-parser 83ms (cache revalidated)
npm http fetch GET 200 https://registry.npmjs.org/@babel%2fhelper-validator-identifier 105ms (cache revalidated)
npm http fetch GET 200 https://registry.npmjs.org/@jridgewell%2fgen-mapping 477ms (cache revalidated)
npm http fetch GET 200 https://registry.npmjs.org/@jridgewell%2ftrace-mapping 1785ms (cache revalidated)
npm http fetch GET 200 https://registry.npmjs.org/ansi-styles 30ms (cache revalidated)
npm http fetch GET 200 https://registry.npmjs.org/js-tokens 37ms (cache revalidated)
npm http fetch GET 200 https://registry.npmjs.org/escape-string-regexp 39ms (cache revalidated)
npm http fetch GET 200 https://registry.npmjs.org/@jridgewell%2fsourcemap-codec 419ms (cache revalidated)
npm http fetch GET 200 https://registry.npmjs.org/@jridgewell%2fresolve-uri 474ms (cache revalidated)
npm http fetch GET 200 https://registry.npmjs.org/@jridgewell%2fsourcemap-codec 496ms (cache revalidated)
npm http fetch GET 200 https://registry.npmjs.org/@jridgewell%2fset-array 659ms (cache revalidated)
npm http fetch GET 200 https://registry.npmjs.org/image-size 37ms (cache revalidated)
npm http fetch GET 200 https://registry.npmjs.org/yaml 40ms (cache revalidated)
npm http fetch GET 200 https://registry.npmjs.org/cross-spawn 43ms (cache revalidated)
npm http fetch GET 200 https://registry.npmjs.org/fast-glob 42ms (cache revalidated)
npm http fetch GET 200 https://registry.npmjs.org/which 44ms (cache revalidated)
npm http fetch GET 200 https://registry.npmjs.org/@percy%2fcore 1062ms (cache revalidated)
npm http fetch GET 200 https://registry.npmjs.org/@percy%2fenv 2639ms (cache revalidated)
npm http fetch GET 200 https://registry.npmjs.org/@percy%2fconfig 3775ms (cache revalidated)
npm http fetch GET 200 https://registry.npmjs.org/rimraf 36ms (cache revalidated)
npm http fetch GET 200 https://registry.npmjs.org/content-disposition 40ms (cache revalidated)
npm http fetch GET 200 https://registry.npmjs.org/ajv 44ms (cache revalidated)
npm http fetch GET 200 https://registry.npmjs.org/mime-types 45ms (cache revalidated)
npm http fetch GET 200 https://registry.npmjs.org/ws 53ms (cache revalidated)
npm http fetch GET 200 https://registry.npmjs.org/micromatch 63ms (cache revalidated)
npm http fetch GET 200 https://registry.npmjs.org/path-to-regexp 68ms (cache revalidated)
npm http fetch GET 200 https://registry.npmjs.org/@percy%2fdom 3683ms (cache revalidated)
npm http fetch GET 200 https://registry.npmjs.org/@percy%2fwebdriver-utils 4141ms (cache revalidated)
npm http fetch GET 200 https://registry.npmjs.org/shebang-command 35ms (cache revalidated)
npm http fetch GET 200 https://registry.npmjs.org/path-key 37ms (cache revalidated)
npm http fetch GET 200 https://registry.npmjs.org/isexe 36ms (cache revalidated)
npm http fetch GET 200 https://registry.npmjs.org/glob-parent 39ms (cache revalidated)
npm http fetch GET 200 https://registry.npmjs.org/merge2 47ms (cache revalidated)
npm http fetch GET 200 https://registry.npmjs.org/@nodelib%2ffs.stat 69ms (cache revalidated)
npm http fetch GET 200 https://registry.npmjs.org/queue 74ms (cache revalidated)
npm http fetch GET 200 https://registry.npmjs.org/@nodelib%2ffs.walk 80ms (cache revalidated)
npm http fetch GET 200 https://registry.npmjs.org/uri-js 29ms (cache revalidated)
npm http fetch GET 200 https://registry.npmjs.org/path-type 29ms (cache revalidated)
npm http fetch GET 200 https://registry.npmjs.org/json-schema-traverse 33ms (cache revalidated)
npm http fetch GET 200 https://registry.npmjs.org/import-fresh 33ms (cache revalidated)
npm http fetch GET 200 https://registry.npmjs.org/parse-json 36ms (cache revalidated)
npm http fetch GET 200 https://registry.npmjs.org/js-yaml 38ms (cache revalidated)
npm http fetch GET 200 https://registry.npmjs.org/fast-deep-equal 45ms (cache revalidated)
npm http fetch GET 200 https://registry.npmjs.org/require-from-string 54ms (cache revalidated)
npm http fetch GET 200 https://registry.npmjs.org/mime-db 35ms (cache revalidated)
npm http fetch GET 200 https://registry.npmjs.org/picomatch 37ms (cache revalidated)
npm http fetch GET 200 https://registry.npmjs.org/braces 45ms (cache revalidated)
npm http fetch GET 200 https://registry.npmjs.org/get-stream 53ms (cache revalidated)
npm http fetch GET 200 https://registry.npmjs.org/@types%2fyauzl 230ms (cache revalidated)
npm http fetch GET 200 https://registry.npmjs.org/@percy%2fsdk-utils 2631ms (cache revalidated)
npm http fetch GET 200 https://registry.npmjs.org/punycode 39ms (cache revalidated)
npm http fetch GET 200 https://registry.npmjs.org/randombytes 55ms (cache revalidated)
npm http fetch GET 200 https://registry.npmjs.org/minimalistic-assert 62ms (cache revalidated)
npm http fetch GET 200 https://registry.npmjs.org/string_decoder 82ms (cache revalidated)
npm http fetch GET 200 https://registry.npmjs.org/cipher-base 99ms (cache revalidated)
npm http fetch GET 200 https://registry.npmjs.org/cipher-base 105ms (cache revalidated)
npm http fetch GET 200 https://registry.npmjs.org/ripemd160 106ms (cache revalidated)
npm http fetch GET 200 https://registry.npmjs.org/hmac-drbg 106ms (cache revalidated)
npm http fetch GET 200 https://registry.npmjs.org/sha.js 108ms (cache revalidated)
npm http fetch GET 200 https://registry.npmjs.org/minimalistic-crypto-utils 107ms (cache revalidated)
npm http fetch GET 200 https://registry.npmjs.org/sha.js 113ms (cache revalidated)
npm http fetch GET 200 https://registry.npmjs.org/brorand 111ms (cache revalidated)
npm http fetch GET 200 https://registry.npmjs.org/util-deprecate 109ms (cache revalidated)
npm http fetch GET 200 https://registry.npmjs.org/hash.js 114ms (cache revalidated)
npm http fetch GET 200 https://registry.npmjs.org/md5.js 120ms (cache revalidated)
npm http fetch GET 200 https://registry.npmjs.org/ripemd160 122ms (cache revalidated)
npm http fetch GET 200 https://registry.npmjs.org/asn1.js 126ms (cache revalidated)
npm http fetch GET 200 https://registry.npmjs.org/browserify-aes 126ms (cache revalidated)
npm http fetch GET 200 https://registry.npmjs.org/pbkdf2 182ms (cache revalidated)
npm http fetch GET 200 https://registry.npmjs.org/evp_bytestokey 1913ms (cache revalidated)
npm http fetch GET 200 https://registry.npmjs.org/https-proxy-agent 118ms (cache revalidated)
npm http fetch GET 200 https://registry.npmjs.org/string-width 132ms (cache revalidated)
npm http fetch GET 200 https://registry.npmjs.org/agent-base 135ms (cache revalidated)
npm http fetch GET 200 https://registry.npmjs.org/make-dir 140ms (cache revalidated)
npm http fetch GET 200 https://registry.npmjs.org/graceful-fs 141ms (cache revalidated)
npm http fetch GET 200 https://registry.npmjs.org/ps-tree 164ms (cache revalidated)
npm http fetch GET 200 https://registry.npmjs.org/zip-stream 170ms (cache revalidated)
npm http fetch GET 200 https://registry.npmjs.org/buffer-crc32 171ms (cache revalidated)
npm http fetch GET 200 https://registry.npmjs.org/tar-stream 173ms (cache revalidated)
npm http fetch GET 200 https://registry.npmjs.org/decompress-tarbz2 168ms (cache revalidated)
npm http fetch GET 200 https://registry.npmjs.org/decompress-targz 169ms (cache revalidated)
npm http fetch GET 200 https://registry.npmjs.org/ini 165ms (cache revalidated)
npm http fetch GET 200 https://registry.npmjs.org/readdir-glob 183ms (cache revalidated)
npm http fetch GET 200 https://registry.npmjs.org/graceful-fs 190ms (cache revalidated)
npm http fetch GET 200 https://registry.npmjs.org/minimatch 188ms (cache revalidated)
npm http fetch GET 200 https://registry.npmjs.org/inflight 190ms (cache revalidated)
npm http fetch GET 200 https://registry.npmjs.org/once 191ms (cache revalidated)
npm http fetch GET 200 https://registry.npmjs.org/fs.realpath 196ms (cache revalidated)
npm http fetch GET 200 https://registry.npmjs.org/path-is-absolute 205ms (cache revalidated)
npm http fetch GET 200 https://registry.npmjs.org/decompress-tar 216ms (cache revalidated)
npm http fetch GET 200 https://registry.npmjs.org/find-up 218ms (cache revalidated)
npm http fetch GET 200 https://registry.npmjs.org/he 218ms (cache revalidated)
npm http fetch GET 200 https://registry.npmjs.org/pify 233ms (cache revalidated)
npm http fetch GET 200 https://registry.npmjs.org/strip-dirs 233ms (cache revalidated)
npm http fetch GET 200 https://registry.npmjs.org/serialize-javascript 232ms (cache revalidated)
npm http fetch GET 200 https://registry.npmjs.org/nanoid 238ms (cache revalidated)
npm http fetch GET 200 https://registry.npmjs.org/minimatch 240ms (cache revalidated)
npm http fetch GET 200 https://registry.npmjs.org/jsonfile 248ms (cache revalidated)
npm http fetch GET 200 https://registry.npmjs.org/decompress-unzip 250ms (cache revalidated)
npm http fetch GET 200 https://registry.npmjs.org/universalify 252ms (cache revalidated)
npm http fetch GET 200 https://registry.npmjs.org/strip-json-comments 247ms (cache revalidated)
npm http fetch GET 200 https://registry.npmjs.org/yargs-parser 267ms (cache revalidated)
npm http fetch GET 200 https://registry.npmjs.org/ansi-colors 273ms (cache revalidated)
npm http fetch GET 200 https://registry.npmjs.org/combined-stream 280ms (cache revalidated)
npm http fetch GET 200 https://registry.npmjs.org/browser-stdout 294ms (cache revalidated)
npm http fetch GET 200 https://registry.npmjs.org/event-pubsub 312ms (cache revalidated)
npm http fetch GET 200 https://registry.npmjs.org/workerpool 314ms (cache revalidated)
npm http fetch GET 200 https://registry.npmjs.org/form-data 312ms (cache revalidated)
npm http fetch GET 200 https://registry.npmjs.org/js-queue 315ms (cache revalidated)
npm http fetch GET 200 https://registry.npmjs.org/aws-sign2 324ms (cache revalidated)
npm http fetch GET 200 https://registry.npmjs.org/aws4 328ms (cache revalidated)
npm http fetch GET 200 https://registry.npmjs.org/yargs-unparser 336ms (cache revalidated)
npm http fetch GET 200 https://registry.npmjs.org/is-typedarray 335ms (cache revalidated)
npm http fetch GET 200 https://registry.npmjs.org/tough-cookie 338ms (cache revalidated)
npm http fetch GET 200 https://registry.npmjs.org/js-message 341ms (cache revalidated)
npm http fetch GET 200 https://registry.npmjs.org/caseless 344ms (cache revalidated)
npm http fetch GET 200 https://registry.npmjs.org/forever-agent 355ms (cache revalidated)
npm http fetch GET 200 https://registry.npmjs.org/performance-now 359ms (cache revalidated)
npm http fetch GET 200 https://registry.npmjs.org/extend 360ms (cache revalidated)
npm http fetch GET 200 https://registry.npmjs.org/http-signature 364ms (cache revalidated)
npm http fetch GET 200 https://registry.npmjs.org/extend 363ms (cache revalidated)
npm http fetch GET 200 https://registry.npmjs.org/slice-ansi 369ms (cache revalidated)
npm http fetch GET 200 https://registry.npmjs.org/qs 371ms (cache revalidated)
npm http fetch GET 200 https://registry.npmjs.org/string-width 380ms (cache revalidated)
npm http fetch GET 200 https://registry.npmjs.org/har-validator 392ms (cache revalidated)
npm http fetch GET 200 https://registry.npmjs.org/oauth-sign 405ms (cache revalidated)
npm http fetch GET 200 https://registry.npmjs.org/isstream 408ms (cache revalidated)
npm http fetch GET 200 https://registry.npmjs.org/boxen 440ms (cache revalidated)
npm http fetch GET 200 https://registry.npmjs.org/is-npm 440ms (cache revalidated)
npm http fetch GET 200 https://registry.npmjs.org/has-yarn 443ms (cache revalidated)
npm http fetch GET 200 https://registry.npmjs.org/xdg-basedir 446ms (cache revalidated)
npm http fetch GET 200 https://registry.npmjs.org/tunnel-agent 450ms (cache revalidated)
npm http fetch GET 200 https://registry.npmjs.org/import-lazy 449ms (cache revalidated)
npm http fetch GET 200 https://registry.npmjs.org/is-yarn-global 458ms (cache revalidated)
npm http fetch GET 200 https://registry.npmjs.org/configstore 470ms (cache revalidated)
npm http fetch GET 200 https://registry.npmjs.org/find-up 466ms (cache revalidated)
npm http fetch GET 200 https://registry.npmjs.org/cliui 468ms (cache revalidated)
npm http fetch GET 200 https://registry.npmjs.org/isstream 470ms (cache revalidated)
npm http fetch GET 200 https://registry.npmjs.org/get-caller-file 481ms (cache revalidated)
npm http fetch GET 200 https://registry.npmjs.org/pupa 488ms (cache revalidated)
npm http fetch GET 200 https://registry.npmjs.org/require-main-filename 495ms (cache revalidated)
npm http fetch GET 200 https://registry.npmjs.org/require-directory 495ms (cache revalidated)
npm http fetch GET 200 https://registry.npmjs.org/decamelize 495ms (cache revalidated)
npm http fetch GET 200 https://registry.npmjs.org/semver-diff 502ms (cache revalidated)
npm http fetch GET 200 https://registry.npmjs.org/set-blocking 498ms (cache revalidated)
npm http fetch GET 200 https://registry.npmjs.org/cycle 507ms (cache revalidated)
npm http fetch GET 200 https://registry.npmjs.org/yargs-parser 510ms (cache revalidated)
npm http fetch GET 200 https://registry.npmjs.org/eyes 518ms (cache revalidated)
npm http fetch GET 200 https://registry.npmjs.org/colors 521ms (cache revalidated)
npm http fetch GET 200 https://registry.npmjs.org/y18n 517ms (cache revalidated)
npm http fetch GET 200 https://registry.npmjs.org/stack-trace 526ms (cache revalidated)
npm http fetch GET 200 https://registry.npmjs.org/which-module 526ms (cache revalidated)
npm http fetch GET 200 https://registry.npmjs.org/latest-version 635ms (cache revalidated)
npm http fetch GET 200 https://registry.npmjs.org/temp-fs 1165ms (cache revalidated)
npm http fetch GET 200 https://registry.npmjs.org/archiver-utils 1200ms (cache revalidated)
npm http fetch GET 200 https://registry.npmjs.org/is-running 1939ms (cache revalidated)
npm http fetch GET 200 https://registry.npmjs.org/lodash.defaults 40ms (cache revalidated)
npm http fetch GET 200 https://registry.npmjs.org/lodash.isplainobject 44ms (cache revalidated)
npm http fetch GET 200 https://registry.npmjs.org/normalize-path 45ms (cache revalidated)
npm http fetch GET 200 https://registry.npmjs.org/end-of-stream 55ms (cache revalidated)
npm http fetch GET 200 https://registry.npmjs.org/bl 58ms (cache revalidated)
npm http fetch GET 200 https://registry.npmjs.org/lodash.union 94ms (cache revalidated)
npm http fetch GET 200 https://registry.npmjs.org/lodash.difference 95ms (cache revalidated)
npm http fetch GET 200 https://registry.npmjs.org/lodash.flatten 101ms (cache revalidated)
npm http fetch GET 200 https://registry.npmjs.org/fs-constants 99ms (cache revalidated)
npm http fetch GET 200 https://registry.npmjs.org/compress-commons 101ms (cache revalidated)
npm http fetch GET 200 https://registry.npmjs.org/lazystream 250ms (cache revalidated)
npm http fetch GET 200 https://registry.npmjs.org/process-nextick-args 36ms (cache revalidated)
npm http fetch GET 200 https://registry.npmjs.org/core-util-is 37ms (cache revalidated)
npm http fetch GET 200 https://registry.npmjs.org/isarray 37ms (cache revalidated)
npm http fetch GET 200 https://registry.npmjs.org/event-stream 119ms (cache revalidated)
npm http fetch GET 200 https://registry.npmjs.org/has-flag 38ms (cache revalidated)
npm http fetch GET 200 https://registry.npmjs.org/color-convert 57ms (cache revalidated)
npm http fetch GET 200 https://registry.npmjs.org/color-name 71ms (cache revalidated)
npm http fetch GET 200 https://registry.npmjs.org/is-fullwidth-code-point 38ms (cache revalidated)
npm http fetch GET 200 https://registry.npmjs.org/emoji-regex 64ms (cache revalidated)
npm http fetch GET 200 https://registry.npmjs.org/resolve-from 32ms (cache revalidated)
npm http fetch GET 200 https://registry.npmjs.org/argparse 37ms (cache revalidated)
npm http fetch GET 200 https://registry.npmjs.org/error-ex 38ms (cache revalidated)
npm http fetch GET 200 https://registry.npmjs.org/parent-module 44ms (cache revalidated)
npm http fetch GET 200 https://registry.npmjs.org/lines-and-columns 44ms (cache revalidated)
npm http fetch GET 200 https://registry.npmjs.org/json-parse-even-better-errors 112ms (cache revalidated)
npm http fetch GET 200 https://registry.npmjs.org/hash-base 96ms (cache revalidated)
npm http fetch GET 200 https://registry.npmjs.org/shebang-regex 37ms (cache revalidated)
npm http fetch GET 200 https://registry.npmjs.org/merge-stream 61ms (cache revalidated)
npm http fetch GET 200 https://registry.npmjs.org/base64-js 71ms (cache revalidated)
npm http fetch GET 200 https://registry.npmjs.org/human-signals 64ms (cache revalidated)
npm http fetch GET 200 https://registry.npmjs.org/onetime 65ms (cache revalidated)
npm http fetch GET 200 https://registry.npmjs.org/ieee754 74ms (cache revalidated)
npm http fetch GET 200 https://registry.npmjs.org/restore-cursor 71ms (cache revalidated)
npm http fetch GET 200 https://registry.npmjs.org/signal-exit 70ms (cache revalidated)
npm http fetch GET 200 https://registry.npmjs.org/at-least-node 70ms (cache revalidated)
npm http fetch GET 200 https://registry.npmjs.org/is-stream 73ms (cache revalidated)
npm http fetch GET 200 https://registry.npmjs.org/strip-final-newline 78ms (cache revalidated)
npm http fetch GET 200 https://registry.npmjs.org/is-path-inside 75ms (cache revalidated)
npm http fetch GET 200 https://registry.npmjs.org/npm-run-path 80ms (cache revalidated)
npm http fetch GET 200 https://registry.npmjs.org/colorette 77ms (cache revalidated)
npm http fetch GET 200 https://registry.npmjs.org/ci-info 88ms (cache revalidated)
npm http fetch GET 200 https://registry.npmjs.org/lodash.once 105ms (cache revalidated)
npm http fetch GET 200 https://registry.npmjs.org/rfdc 93ms (cache revalidated)
npm http fetch GET 200 https://registry.npmjs.org/is-unicode-supported 96ms (cache revalidated)
npm http fetch GET 200 https://registry.npmjs.org/lru-cache 105ms (cache revalidated)
npm http fetch GET 200 https://registry.npmjs.org/global-dirs 120ms (cache revalidated)
npm http fetch GET 200 https://registry.npmjs.org/log-update 148ms (cache revalidated)
npm http fetch GET 200 https://registry.npmjs.org/throttleit 145ms (cache revalidated)
npm http fetch GET 200 https://registry.npmjs.org/wrap-ansi 159ms (cache revalidated)
npm http fetch GET 200 https://registry.npmjs.org/p-map 160ms (cache revalidated)
npm http fetch GET 200 https://registry.npmjs.org/fd-slicer 153ms (cache revalidated)
npm http fetch GET 200 https://registry.npmjs.org/rxjs 162ms (cache revalidated)
npm http fetch GET 200 https://registry.npmjs.org/cli-truncate 1202ms (cache revalidated)
npm http fetch GET 200 https://registry.npmjs.org/delayed-stream 37ms (cache revalidated)
npm http fetch GET 200 https://registry.npmjs.org/side-channel 37ms (cache revalidated)
npm http fetch GET 200 https://registry.npmjs.org/url-parse 37ms (cache revalidated)
npm http fetch GET 200 https://registry.npmjs.org/psl 54ms (cache revalidated)
npm http fetch GET 200 https://registry.npmjs.org/asynckit 63ms (cache revalidated)
npm http fetch GET 200 https://registry.npmjs.org/assert-plus 93ms (cache revalidated)
npm http fetch GET 200 https://registry.npmjs.org/sshpk 94ms (cache revalidated)
npm http fetch GET 200 https://registry.npmjs.org/jsprim 107ms (cache revalidated)
npm http fetch GET 200 https://registry.npmjs.org/@babel%2fplugin-transform-runtime 80ms (cache revalidated)
npm http fetch GET 200 https://registry.npmjs.org/@babel%2fplugin-proposal-class-properties 84ms (cache revalidated)
npm http fetch GET 200 https://registry.npmjs.org/through2 83ms (cache revalidated)
npm http fetch GET 200 https://registry.npmjs.org/@babel%2fpreset-react 115ms (cache revalidated)
npm http fetch GET 200 https://registry.npmjs.org/check-error 121ms (cache revalidated)
npm http fetch GET 200 https://registry.npmjs.org/lodash.clonedeep 129ms (cache revalidated)
npm http fetch GET 200 https://registry.npmjs.org/@babel%2fplugin-proposal-object-rest-spread 131ms (cache revalidated)
npm http fetch GET 200 https://registry.npmjs.org/watchify 142ms (cache revalidated)
npm http fetch GET 200 https://registry.npmjs.org/browserify 147ms (cache revalidated)
npm http fetch GET 200 https://registry.npmjs.org/type-detect 151ms (cache revalidated)
npm http fetch GET 200 https://registry.npmjs.org/assertion-error 169ms (cache revalidated)
npm http fetch GET 200 https://registry.npmjs.org/deep-eql 169ms (cache revalidated)
npm http fetch GET 200 https://registry.npmjs.org/anymatch 169ms (cache revalidated)
npm http fetch GET 200 https://registry.npmjs.org/@babel%2fcore 174ms (cache revalidated)
npm http fetch GET 200 https://registry.npmjs.org/pathval 175ms (cache revalidated)
npm http fetch GET 200 https://registry.npmjs.org/is-glob 176ms (cache revalidated)
npm http fetch GET 200 https://registry.npmjs.org/fsevents 179ms (cache revalidated)
npm http fetch GET 200 https://registry.npmjs.org/indent-string 212ms (cache revalidated)
npm http fetch GET 200 https://registry.npmjs.org/is-directory 224ms (cache revalidated)
npm http fetch GET 200 https://registry.npmjs.org/get-func-name 227ms (cache revalidated)
npm http fetch GET 200 https://registry.npmjs.org/@babel%2fpreset-env 236ms (cache revalidated)
npm http fetch GET 200 https://registry.npmjs.org/loupe 240ms (cache revalidated)
npm http fetch GET 200 https://registry.npmjs.org/is-binary-path 247ms (cache revalidated)
npm http fetch GET 200 https://registry.npmjs.org/resolve 254ms (cache revalidated)
npm http fetch GET 200 https://registry.npmjs.org/duration 257ms (cache revalidated)
npm http fetch GET 200 https://registry.npmjs.org/cli-table 259ms (cache revalidated)
npm http fetch GET 200 https://registry.npmjs.org/babel-runtime 262ms (cache revalidated)
npm http fetch GET 200 https://registry.npmjs.org/readdirp 266ms (cache revalidated)
npm http fetch GET 200 https://registry.npmjs.org/serialize-error 265ms (cache revalidated)
npm http fetch GET 200 https://registry.npmjs.org/mz 305ms (cache revalidated)
npm http fetch GET 200 https://registry.npmjs.org/is-generator 313ms (cache revalidated)
npm http fetch GET 200 https://registry.npmjs.org/progress 335ms (cache revalidated)
npm http fetch GET 200 https://registry.npmjs.org/knuth-shuffle-seeded 336ms (cache revalidated)
npm http fetch GET 200 https://registry.npmjs.org/verror 344ms (cache revalidated)
npm http fetch GET 200 https://registry.npmjs.org/stacktrace-js 366ms (cache revalidated)
npm http fetch GET 200 https://registry.npmjs.org/title-case 465ms (cache revalidated)
npm http fetch GET 200 https://registry.npmjs.org/coffeeify 1090ms (cache revalidated)
npm http fetch GET 200 https://registry.npmjs.org/coffeescript 1131ms (cache revalidated)
npm http fetch GET 200 https://registry.npmjs.org/babelify 1164ms (cache revalidated)
npm http fetch GET 200 https://registry.npmjs.org/becke-ch--regex--s0-0-v1--base--pl--lib 1322ms (cache revalidated)
npm http fetch GET 200 https://registry.npmjs.org/util-arity 1323ms (cache revalidated)
npm http fetch GET 200 https://registry.npmjs.org/assertion-error-formatter 1344ms (cache revalidated)
npm http fetch GET 200 https://registry.npmjs.org/string-argv 1433ms (cache revalidated)
npm http fetch GET 200 https://registry.npmjs.org/babel-plugin-add-module-exports 1819ms (cache revalidated)
npm http fetch GET 200 https://registry.npmjs.org/stack-chain 2101ms (cache revalidated)
npm http fetch GET 200 https://registry.npmjs.org/gensync 147ms (cache revalidated)
npm http fetch GET 200 https://registry.npmjs.org/@babel%2fcompat-data 146ms (cache revalidated)
npm http fetch GET 200 https://registry.npmjs.org/@babel%2fhelper-module-transforms 149ms (cache revalidated)
npm http fetch GET 200 https://registry.npmjs.org/@babel%2fhelper-compilation-targets 148ms (cache revalidated)
npm http fetch GET 200 https://registry.npmjs.org/@babel%2fhelper-plugin-utils 151ms (cache revalidated)
npm http fetch GET 200 https://registry.npmjs.org/@babel%2fhelper-plugin-utils 151ms (cache revalidated)
npm http fetch GET 200 https://registry.npmjs.org/convert-source-map 154ms (cache revalidated)
npm http fetch GET 200 https://registry.npmjs.org/@babel%2fhelper-compilation-targets 154ms (cache revalidated)
npm http fetch GET 200 https://registry.npmjs.org/@babel%2fplugin-syntax-object-rest-spread 155ms (cache revalidated)
npm http fetch GET 200 https://registry.npmjs.org/@babel%2fplugin-transform-parameters 156ms (cache revalidated)
npm http fetch GET 200 https://registry.npmjs.org/@babel%2fhelper-module-imports 159ms (cache revalidated)
npm http fetch GET 200 https://registry.npmjs.org/@babel%2fhelper-create-class-features-plugin 170ms (cache revalidated)
npm http fetch GET 200 https://registry.npmjs.org/@babel%2fhelpers 173ms (cache revalidated)
npm http fetch GET 200 https://registry.npmjs.org/@ampproject%2fremapping 175ms (cache revalidated)
npm http fetch GET 200 https://registry.npmjs.org/json5 178ms (cache revalidated)
npm http fetch GET 200 https://registry.npmjs.org/babel-plugin-polyfill-corejs2 177ms (cache revalidated)
npm http fetch GET 200 https://registry.npmjs.org/babel-plugin-polyfill-regenerator 177ms (cache revalidated)
npm http fetch GET 200 https://registry.npmjs.org/@babel%2fhelper-plugin-utils 189ms (cache revalidated)
npm http fetch GET 200 https://registry.npmjs.org/babel-plugin-polyfill-corejs3 189ms (cache revalidated)
npm http fetch GET 200 https://registry.npmjs.org/@babel%2fplugin-syntax-async-generators 188ms (cache revalidated)
npm http fetch GET 200 https://registry.npmjs.org/@babel%2fplugin-bugfix-safari-id-destructuring-collision-in-function-expression 192ms (cache revalidated)
npm http fetch GET 200 https://registry.npmjs.org/@babel%2fplugin-proposal-private-property-in-object 193ms (cache revalidated)
npm http fetch GET 200 https://registry.npmjs.org/@babel%2fplugin-bugfix-v8-static-class-fields-redefine-readonly 194ms (cache revalidated)
npm http fetch GET 200 https://registry.npmjs.org/@babel%2fhelper-validator-option 198ms (cache revalidated)
npm http fetch GET 200 https://registry.npmjs.org/@babel%2fplugin-bugfix-v8-spread-parameters-in-optional-chaining 198ms (cache revalidated)
npm http fetch GET 200 https://registry.npmjs.org/@babel%2fcompat-data 202ms (cache revalidated)
npm http fetch GET 200 https://registry.npmjs.org/@babel%2fplugin-syntax-class-static-block 209ms (cache revalidated)
npm http fetch GET 200 https://registry.npmjs.org/@babel%2fplugin-syntax-class-properties 212ms (cache revalidated)
npm http fetch GET 200 https://registry.npmjs.org/@babel%2fplugin-syntax-import-attributes 214ms (cache revalidated)
npm http fetch GET 200 https://registry.npmjs.org/@babel%2fplugin-syntax-export-namespace-from 217ms (cache revalidated)
npm http fetch GET 200 https://registry.npmjs.org/@babel%2fplugin-syntax-import-meta 216ms (cache revalidated)
npm http fetch GET 200 https://registry.npmjs.org/@babel%2fplugin-syntax-dynamic-import 225ms (cache revalidated)
npm http fetch GET 200 https://registry.npmjs.org/@babel%2fplugin-syntax-json-strings 226ms (cache revalidated)
npm http fetch GET 200 https://registry.npmjs.org/@babel%2fplugin-syntax-nullish-coalescing-operator 227ms (cache revalidated)
npm http fetch GET 200 https://registry.npmjs.org/@babel%2fplugin-syntax-private-property-in-object 234ms (cache revalidated)
npm http fetch GET 200 https://registry.npmjs.org/@babel%2fplugin-syntax-logical-assignment-operators 236ms (cache revalidated)
npm http fetch GET 200 https://registry.npmjs.org/@babel%2fplugin-syntax-numeric-separator 237ms (cache revalidated)
npm http fetch GET 200 https://registry.npmjs.org/@babel%2fplugin-syntax-unicode-sets-regex 236ms (cache revalidated)
npm http fetch GET 200 https://registry.npmjs.org/@babel%2fplugin-syntax-optional-catch-binding 239ms (cache revalidated)
npm http fetch GET 200 https://registry.npmjs.org/@babel%2fplugin-syntax-top-level-await 247ms (cache revalidated)
npm http fetch GET 200 https://registry.npmjs.org/@babel%2fplugin-transform-block-scoping 250ms (cache revalidated)
npm http fetch GET 200 https://registry.npmjs.org/@babel%2fplugin-syntax-optional-chaining 253ms (cache revalidated)
npm http fetch GET 200 https://registry.npmjs.org/@babel%2fplugin-syntax-import-assertions 255ms (cache revalidated)
npm http fetch GET 200 https://registry.npmjs.org/@babel%2fplugin-transform-arrow-functions 259ms (cache revalidated)
npm http fetch GET 200 https://registry.npmjs.org/@babel%2fplugin-transform-block-scoped-functions 259ms (cache revalidated)
npm http fetch GET 200 https://registry.npmjs.org/@babel%2fplugin-transform-classes 262ms (cache revalidated)
npm http fetch GET 200 https://registry.npmjs.org/@babel%2fplugin-transform-duplicate-keys 265ms (cache revalidated)
npm http fetch GET 200 https://registry.npmjs.org/@babel%2fplugin-transform-async-to-generator 277ms (cache revalidated)
npm http fetch GET 200 https://registry.npmjs.org/@babel%2fplugin-transform-class-properties 278ms (cache revalidated)
npm http fetch GET 200 https://registry.npmjs.org/@babel%2fplugin-transform-dynamic-import 277ms (cache revalidated)
npm http fetch GET 200 https://registry.npmjs.org/@babel%2fplugin-transform-computed-properties 281ms (cache revalidated)
npm http fetch GET 200 https://registry.npmjs.org/@babel%2fplugin-transform-async-generator-functions 285ms (cache revalidated)
npm http fetch GET 200 https://registry.npmjs.org/@babel%2fplugin-transform-class-static-block 286ms (cache revalidated)
npm http fetch GET 200 https://registry.npmjs.org/@babel%2fplugin-transform-exponentiation-operator 285ms (cache revalidated)
npm http fetch GET 200 https://registry.npmjs.org/@babel%2fplugin-transform-destructuring 287ms (cache revalidated)
npm http fetch GET 200 https://registry.npmjs.org/@babel%2fplugin-transform-export-namespace-from 290ms (cache revalidated)
npm http fetch GET 200 https://registry.npmjs.org/@babel%2fplugin-transform-logical-assignment-operators 292ms (cache revalidated)
npm http fetch GET 200 https://registry.npmjs.org/@babel%2fplugin-transform-function-name 296ms (cache revalidated)
npm http fetch GET 200 https://registry.npmjs.org/@babel%2fplugin-transform-for-of 301ms (cache revalidated)
npm http fetch GET 200 https://registry.npmjs.org/@babel%2fplugin-transform-dotall-regex 302ms (cache revalidated)
npm http fetch GET 200 https://registry.npmjs.org/@babel%2fplugin-transform-member-expression-literals 311ms (cache revalidated)
npm http fetch GET 200 https://registry.npmjs.org/@babel%2fplugin-transform-json-strings 313ms (cache revalidated)
npm http fetch GET 200 https://registry.npmjs.org/@babel%2fplugin-transform-literals 320ms (cache revalidated)
npm http fetch GET 200 https://registry.npmjs.org/@babel%2fplugin-transform-modules-umd 324ms (cache revalidated)
npm http fetch GET 200 https://registry.npmjs.org/@babel%2fplugin-transform-new-target 325ms (cache revalidated)
npm http fetch GET 200 https://registry.npmjs.org/@babel%2fplugin-transform-nullish-coalescing-operator 326ms (cache revalidated)
npm http fetch GET 200 https://registry.npmjs.org/@babel%2fplugin-transform-modules-systemjs 330ms (cache revalidated)
npm http fetch GET 200 https://registry.npmjs.org/@babel%2fplugin-transform-object-rest-spread 332ms (cache revalidated)
npm http fetch GET 200 https://registry.npmjs.org/@babel%2fplugin-transform-modules-amd 334ms (cache revalidated)
npm http fetch GET 200 https://registry.npmjs.org/@babel%2fplugin-transform-modules-commonjs 336ms (cache revalidated)
npm http fetch GET 200 https://registry.npmjs.org/@babel%2fplugin-transform-named-capturing-groups-regex 339ms (cache revalidated)
npm http fetch GET 200 https://registry.npmjs.org/@babel%2fplugin-transform-numeric-separator 340ms (cache revalidated)
npm http fetch GET 200 https://registry.npmjs.org/@babel%2fplugin-transform-parameters 340ms (cache revalidated)
npm http fetch GET 200 https://registry.npmjs.org/@babel%2fplugin-transform-optional-catch-binding 343ms (cache revalidated)
npm http fetch GET 200 https://registry.npmjs.org/@babel%2fplugin-transform-optional-chaining 343ms (cache revalidated)
npm http fetch GET 200 https://registry.npmjs.org/@babel%2fplugin-transform-private-methods 352ms (cache revalidated)
npm http fetch GET 200 https://registry.npmjs.org/@babel%2fplugin-transform-object-super 361ms (cache revalidated)
npm http fetch GET 200 https://registry.npmjs.org/@babel%2fplugin-transform-shorthand-properties 368ms (cache revalidated)
npm http fetch GET 200 https://registry.npmjs.org/@babel%2fplugin-transform-property-literals 373ms (cache revalidated)
npm http fetch GET 200 https://registry.npmjs.org/@babel%2fplugin-transform-sticky-regex 376ms (cache revalidated)
npm http fetch GET 200 https://registry.npmjs.org/@babel%2fplugin-transform-reserved-words 379ms (cache revalidated)
npm http fetch GET 200 https://registry.npmjs.org/@babel%2fplugin-transform-regenerator 379ms (cache revalidated)
npm http fetch GET 200 https://registry.npmjs.org/@babel%2fplugin-transform-unicode-sets-regex 378ms (cache revalidated)
npm http fetch GET 200 https://registry.npmjs.org/@babel%2fplugin-transform-unicode-escapes 380ms (cache revalidated)
npm http fetch GET 200 https://registry.npmjs.org/core-js-compat 379ms (cache revalidated)
npm http fetch GET 200 https://registry.npmjs.org/@babel%2fplugin-transform-typeof-symbol 383ms (cache revalidated)
npm http fetch GET 200 https://registry.npmjs.org/@babel%2fplugin-transform-private-property-in-object 384ms (cache revalidated)
npm http fetch GET 200 https://registry.npmjs.org/@babel%2fplugin-transform-spread 388ms (cache revalidated)
npm http fetch GET 200 https://registry.npmjs.org/@babel%2fplugin-transform-template-literals 404ms (cache revalidated)
npm http fetch GET 200 https://registry.npmjs.org/regenerator-runtime 404ms (cache revalidated)
npm http fetch GET 200 https://registry.npmjs.org/@babel%2fplugin-transform-react-display-name 405ms (cache revalidated)
npm http fetch GET 200 https://registry.npmjs.org/@babel%2fplugin-transform-unicode-regex 412ms (cache revalidated)
npm http fetch GET 200 https://registry.npmjs.org/@babel%2fpreset-modules 415ms (cache revalidated)
npm http fetch GET 200 https://registry.npmjs.org/@babel%2fhelper-validator-option 418ms (cache revalidated)
npm http fetch GET 200 https://registry.npmjs.org/@babel%2fplugin-transform-react-jsx 419ms (cache revalidated)
npm http fetch GET 200 https://registry.npmjs.org/@babel%2fplugin-transform-unicode-property-regex 424ms (cache revalidated)
npm http fetch GET 200 https://registry.npmjs.org/@babel%2fplugin-transform-react-pure-annotations 422ms (cache revalidated)
npm http fetch GET 200 https://registry.npmjs.org/browserify-zlib 421ms (cache revalidated)
npm http fetch GET 200 https://registry.npmjs.org/@babel%2fplugin-transform-react-jsx-development 439ms (cache revalidated)
npm http fetch GET 200 https://registry.npmjs.org/has 442ms (cache revalidated)
npm http fetch GET 200 https://registry.npmjs.org/duplexer2 451ms (cache revalidated)
npm http fetch GET 200 https://registry.npmjs.org/events 456ms (cache revalidated)
npm http fetch GET 200 https://registry.npmjs.org/assert 464ms (cache revalidated)
npm http fetch GET 200 https://registry.npmjs.org/JSONStream 481ms (cache revalidated)
npm http fetch GET 200 https://registry.npmjs.org/browser-resolve 485ms (cache revalidated)
npm http fetch GET 200 https://registry.npmjs.org/console-browserify 488ms (cache revalidated)
npm http fetch GET 200 https://registry.npmjs.org/constants-browserify 496ms (cache revalidated)
npm http fetch GET 200 https://registry.npmjs.org/concat-stream 499ms (cache revalidated)
npm http fetch GET 200 https://registry.npmjs.org/deps-sort 499ms (cache revalidated)
npm http fetch GET 200 https://registry.npmjs.org/htmlescape 511ms (cache revalidated)
npm http fetch GET 200 https://registry.npmjs.org/defined 512ms (cache revalidated)
npm http fetch GET 200 https://registry.npmjs.org/browser-pack 513ms (cache revalidated)
npm http fetch GET 200 https://registry.npmjs.org/crypto-browserify 513ms (cache revalidated)
npm http fetch GET 200 https://registry.npmjs.org/domain-browser 530ms (cache revalidated)
npm http fetch GET 200 https://registry.npmjs.org/https-browserify 538ms (cache revalidated)
npm http fetch GET 200 https://registry.npmjs.org/mkdirp-classic 539ms (cache revalidated)
npm http fetch GET 200 https://registry.npmjs.org/labeled-stream-splicer 554ms (cache revalidated)
npm http fetch GET 200 https://registry.npmjs.org/shell-quote 560ms (cache revalidated)
npm http fetch GET 200 https://registry.npmjs.org/os-browserify 568ms (cache revalidated)
npm http fetch GET 200 https://registry.npmjs.org/querystring-es3 570ms (cache revalidated)
npm http fetch GET 200 https://registry.npmjs.org/shasum 591ms (cache revalidated)
npm http fetch GET 200 https://registry.npmjs.org/util 597ms (cache revalidated)
npm http fetch GET 200 https://registry.npmjs.org/insert-module-globals 606ms (cache revalidated)
npm http fetch GET 200 https://registry.npmjs.org/parents 606ms (cache revalidated)
npm http fetch GET 200 https://registry.npmjs.org/stream-browserify 606ms (cache revalidated)
npm http fetch GET 200 https://registry.npmjs.org/tty-browserify 607ms (cache revalidated)
npm http fetch GET 200 https://registry.npmjs.org/convert-source-map 610ms (cache revalidated)
npm http fetch GET 200 https://registry.npmjs.org/stream-http 618ms (cache revalidated)
npm http fetch GET 200 https://registry.npmjs.org/url 623ms (cache revalidated)
npm http fetch GET 200 https://registry.npmjs.org/timers-browserify 646ms (cache revalidated)
npm http fetch GET 200 https://registry.npmjs.org/xtend 643ms (cache revalidated)
npm http fetch GET 200 https://registry.npmjs.org/vm-browserify 650ms (cache revalidated)
npm http fetch GET 200 https://registry.npmjs.org/xtend 651ms (cache revalidated)
npm http fetch GET 200 https://registry.npmjs.org/xtend 659ms (cache revalidated)
npm http fetch GET 200 https://registry.npmjs.org/outpipe 686ms (cache revalidated)
npm http fetch GET 200 https://registry.npmjs.org/cached-path-relative 1535ms (cache revalidated)
npm http fetch GET 200 https://registry.npmjs.org/syntax-error 1617ms (cache revalidated)
npm http fetch GET 200 https://registry.npmjs.org/read-only-stream 1657ms (cache revalidated)
npm http fetch GET 200 https://registry.npmjs.org/subarg 1674ms (cache revalidated)
npm http fetch GET 200 https://registry.npmjs.org/module-deps 1676ms (cache revalidated)
npm http fetch GET 200 https://registry.npmjs.org/browserslist 43ms (cache revalidated)
npm http fetch GET 200 https://registry.npmjs.org/@babel%2fhelper-simple-access 63ms (cache revalidated)
npm http fetch GET 200 https://registry.npmjs.org/node-releases 31ms (cache revalidated)
npm http fetch GET 200 https://registry.npmjs.org/update-browserslist-db 34ms (cache revalidated)
npm http fetch GET 200 https://registry.npmjs.org/yallist 36ms (cache revalidated)
npm http fetch GET 200 https://registry.npmjs.org/caniuse-lite 53ms (cache revalidated)
npm http fetch GET 200 https://registry.npmjs.org/electron-to-chromium 58ms (cache revalidated)
npm http fetch GET 200 https://registry.npmjs.org/@babel%2fhelper-replace-supers 51ms (cache revalidated)
npm http fetch GET 200 https://registry.npmjs.org/@babel%2fhelper-member-expression-to-functions 165ms (cache revalidated)
npm http fetch GET 200 https://registry.npmjs.org/@babel%2fhelper-optimise-call-expression 171ms (cache revalidated)
npm http fetch GET 200 https://registry.npmjs.org/@babel%2fhelper-skip-transparent-expression-wrappers 192ms (cache revalidated)
npm http fetch GET 200 https://registry.npmjs.org/@babel%2fhelper-annotate-as-pure 199ms (cache revalidated)
npm http fetch GET 200 https://registry.npmjs.org/@babel%2fhelper-define-polyfill-provider 54ms (cache revalidated)
npm http fetch GET 200 https://registry.npmjs.org/regenerator-transform 46ms (cache revalidated)
npm http fetch GET 200 https://registry.npmjs.org/@babel%2fhelper-builder-binary-assignment-operator-visitor 74ms (cache revalidated)
npm http fetch GET 200 https://registry.npmjs.org/@babel%2fhelper-create-regexp-features-plugin 70ms (cache revalidated)
npm http fetch GET 200 https://registry.npmjs.org/@babel%2fhelper-create-regexp-features-plugin 82ms (cache revalidated)
npm http fetch GET 200 https://registry.npmjs.org/esutils 58ms (cache revalidated)
npm http fetch GET 200 https://registry.npmjs.org/@babel%2fhelper-create-regexp-features-plugin 91ms (cache revalidated)
npm http fetch GET 200 https://registry.npmjs.org/@babel%2fhelper-remap-async-to-generator 106ms (cache revalidated)
npm http fetch GET 200 https://registry.npmjs.org/regexpu-core 73ms (cache revalidated)
npm http fetch GET 200 https://registry.npmjs.org/unicode-match-property-value-ecmascript 32ms (cache revalidated)
npm http fetch GET 200 https://registry.npmjs.org/regenerate-unicode-properties 34ms (cache revalidated)
npm http fetch GET 200 https://registry.npmjs.org/regjsparser 36ms (cache revalidated)
npm http fetch GET 200 https://registry.npmjs.org/unicode-match-property-ecmascript 37ms (cache revalidated)
npm http fetch GET 200 https://registry.npmjs.org/regenerate 41ms (cache revalidated)
npm http fetch GET 200 https://registry.npmjs.org/@babel%2fregjsgen 46ms (cache revalidated)
npm http fetch GET 200 https://registry.npmjs.org/@babel%2fhelper-wrap-function 79ms (cache revalidated)
npm http fetch GET 200 https://registry.npmjs.org/@babel%2fplugin-syntax-jsx 60ms (cache revalidated)
npm http fetch GET 200 https://registry.npmjs.org/lodash.debounce 39ms (cache revalidated)
npm http fetch GET 200 https://registry.npmjs.org/is-core-module 36ms (cache revalidated)
npm http fetch GET 200 https://registry.npmjs.org/path-parse 88ms (cache revalidated)
npm http fetch GET 200 https://registry.npmjs.org/supports-preserve-symlinks-flag 93ms (cache revalidated)
npm http fetch GET 200 https://registry.npmjs.org/buffer-from 64ms (cache revalidated)
npm http fetch GET 200 https://registry.npmjs.org/object.assign 70ms (cache revalidated)
npm http fetch GET 200 https://registry.npmjs.org/is-buffer 60ms (cache revalidated)
npm http fetch GET 200 https://registry.npmjs.org/pako 83ms (cache revalidated)
npm http fetch GET 200 https://registry.npmjs.org/diffie-hellman 114ms (cache revalidated)
npm http fetch GET 200 https://registry.npmjs.org/randomfill 116ms (cache revalidated)
npm http fetch GET 200 https://registry.npmjs.org/umd 126ms (cache revalidated)
npm http fetch GET 200 https://registry.npmjs.org/acorn-node 116ms (cache revalidated)
npm http fetch GET 200 https://registry.npmjs.org/shasum-object 127ms (cache revalidated)
npm http fetch GET 200 https://registry.npmjs.org/public-encrypt 128ms (cache revalidated)
npm http fetch GET 200 https://registry.npmjs.org/typedarray 138ms (cache revalidated)
npm http fetch GET 200 https://registry.npmjs.org/undeclared-identifiers 138ms (cache revalidated)
npm http fetch GET 200 https://registry.npmjs.org/detective 141ms (cache revalidated)
npm http fetch GET 200 https://registry.npmjs.org/combine-source-map 156ms (cache revalidated)
npm http fetch GET 200 https://registry.npmjs.org/jsonparse 144ms (cache revalidated)
npm http fetch GET 200 https://registry.npmjs.org/stream-splicer 146ms (cache revalidated)
npm http fetch GET 200 https://registry.npmjs.org/acorn-node 142ms (cache revalidated)
npm http fetch GET 200 https://registry.npmjs.org/create-ecdh 187ms (cache revalidated)
npm http fetch GET 200 https://registry.npmjs.org/combine-source-map 187ms (cache revalidated)
npm http fetch GET 200 https://registry.npmjs.org/builtin-status-codes 192ms (cache revalidated)
npm http fetch GET 200 https://registry.npmjs.org/json-stable-stringify 200ms (cache revalidated)
npm http fetch GET 200 https://registry.npmjs.org/browserify-cipher 1214ms (cache revalidated)
npm http fetch GET 200 https://registry.npmjs.org/path-platform 1273ms (cache revalidated)
npm http fetch GET 200 https://registry.npmjs.org/stream-combiner2 1570ms (cache revalidated)
npm http fetch GET 200 https://registry.npmjs.org/has-symbols 30ms (cache revalidated)
npm http fetch GET 200 https://registry.npmjs.org/define-properties 32ms (cache revalidated)
npm http fetch GET 200 https://registry.npmjs.org/call-bind 33ms (cache revalidated)
npm http fetch GET 200 https://registry.npmjs.org/object-keys 58ms (cache revalidated)
npm http fetch GET 200 https://registry.npmjs.org/lodash.memoize 29ms (cache revalidated)
npm http fetch GET 200 https://registry.npmjs.org/source-map 31ms (cache revalidated)
npm http fetch GET 200 https://registry.npmjs.org/inline-source-map 1873ms (cache revalidated)
npm http fetch GET 200 https://registry.npmjs.org/picocolors 38ms (cache revalidated)
npm http fetch GET 200 https://registry.npmjs.org/escalade 42ms (cache revalidated)
npm http fetch GET 200 https://registry.npmjs.org/is-extglob 34ms (cache revalidated)
npm http fetch GET 200 https://registry.npmjs.org/fill-range 67ms (cache revalidated)
npm http fetch GET 200 https://registry.npmjs.org/binary-extensions 127ms (cache revalidated)
npm http fetch GET 200 https://registry.npmjs.org/to-regex-range 39ms (cache revalidated)
npm http fetch GET 200 https://registry.npmjs.org/miller-rabin 84ms (cache revalidated)
npm http fetch GET 200 https://registry.npmjs.org/browserify-des 109ms (cache revalidated)
npm http fetch GET 200 https://registry.npmjs.org/buffer-xor 84ms (cache revalidated)
npm http fetch GET 200 https://registry.npmjs.org/des.js 84ms (cache revalidated)
npm http fetch GET 200 https://registry.npmjs.org/object-assign 43ms (cache revalidated)
npm http fetch GET 200 https://registry.npmjs.org/core-js 50ms (cache revalidated)
npm http fetch GET 200 https://registry.npmjs.org/error-stack-parser 58ms (cache revalidated)
npm http fetch GET 200 https://registry.npmjs.org/no-case 86ms (cache revalidated)
npm http fetch GET 200 https://registry.npmjs.org/any-promise 93ms (cache revalidated)
npm http fetch GET 200 https://registry.npmjs.org/stacktrace-gps 94ms (cache revalidated)
npm http fetch GET 200 https://registry.npmjs.org/pad-right 114ms (cache revalidated)
npm http fetch GET 200 https://registry.npmjs.org/thenify-all 113ms (cache revalidated)
npm http fetch GET 200 https://registry.npmjs.org/extsprintf 110ms (cache revalidated)
npm http fetch GET 200 https://registry.npmjs.org/repeat-string 122ms (cache revalidated)
npm http fetch GET 200 https://registry.npmjs.org/stack-generator 113ms (cache revalidated)
npm http fetch GET 200 https://registry.npmjs.org/es5-ext 119ms (cache revalidated)
npm http fetch GET 200 https://registry.npmjs.org/upper-case 114ms (cache revalidated)
npm http fetch GET 200 https://registry.npmjs.org/d 125ms (cache revalidated)
npm http fetch GET 200 https://registry.npmjs.org/seed-random 2213ms (cache revalidated)
npm http fetch GET 200 https://registry.npmjs.org/content-type 48ms (cache revalidated)
npm http fetch GET 200 https://registry.npmjs.org/accepts 51ms (cache revalidated)
npm http fetch GET 200 https://registry.npmjs.org/finalhandler 50ms (cache revalidated)
npm http fetch GET 200 https://registry.npmjs.org/merge-descriptors 52ms (cache revalidated)
npm http fetch GET 200 https://registry.npmjs.org/http-errors 54ms (cache revalidated)
npm http fetch GET 200 https://registry.npmjs.org/on-finished 53ms (cache revalidated)
npm http fetch GET 200 https://registry.npmjs.org/escape-html 57ms (cache revalidated)
npm http fetch GET 200 https://registry.npmjs.org/array-flatten 59ms (cache revalidated)
npm http fetch GET 200 https://registry.npmjs.org/encodeurl 59ms (cache revalidated)
npm http fetch GET 200 https://registry.npmjs.org/cookie-signature 60ms (cache revalidated)
npm http fetch GET 200 https://registry.npmjs.org/depd 60ms (cache revalidated)
npm http fetch GET 200 https://registry.npmjs.org/body-parser 62ms (cache revalidated)
npm http fetch GET 200 https://registry.npmjs.org/cookie 62ms (cache revalidated)
npm http fetch GET 200 https://registry.npmjs.org/etag 63ms (cache revalidated)
npm http fetch GET 200 https://registry.npmjs.org/parseurl 70ms (cache revalidated)
npm http fetch GET 200 https://registry.npmjs.org/serve-static 74ms (cache revalidated)
npm http fetch GET 200 https://registry.npmjs.org/type-is 84ms (cache revalidated)
npm http fetch GET 200 https://registry.npmjs.org/define-lazy-prop 83ms (cache revalidated)
npm http fetch GET 200 https://registry.npmjs.org/setprototypeof 85ms (cache revalidated)
npm http fetch GET 200 https://registry.npmjs.org/methods 88ms (cache revalidated)
npm http fetch GET 200 https://registry.npmjs.org/vary 86ms (cache revalidated)
npm http fetch GET 200 https://registry.npmjs.org/send 88ms (cache revalidated)
npm http fetch GET 200 https://registry.npmjs.org/fresh 90ms (cache revalidated)
npm http fetch GET 200 https://registry.npmjs.org/range-parser 90ms (cache revalidated)
npm http fetch GET 200 https://registry.npmjs.org/utils-merge 94ms (cache revalidated)
npm http fetch GET 200 https://registry.npmjs.org/statuses 95ms (cache revalidated)
npm http fetch GET 200 https://registry.npmjs.org/is-wsl 93ms (cache revalidated)
npm http fetch GET 200 https://registry.npmjs.org/proxy-addr 98ms (cache revalidated)
npm http fetch GET 200 https://registry.npmjs.org/is-inside-container 144ms (cache revalidated)
npm http fetch GET 200 https://registry.npmjs.org/default-browser 1134ms (cache revalidated)
npm http fetch GET 200 https://registry.npmjs.org/neo-async 37ms (cache revalidated)
npm http fetch GET 200 https://registry.npmjs.org/uglify-js 94ms (cache revalidated)
npm http fetch GET 200 https://registry.npmjs.org/wordwrap 112ms (cache revalidated)
npm http fetch GET 200 https://registry.npmjs.org/humanize-duration 2062ms (cache revalidated)
npm http fetch GET 200 https://registry.npmjs.org/unbzip2-stream 98ms (cache revalidated)
npm http fetch GET 200 https://registry.npmjs.org/file-type 99ms (cache revalidated)
npm http fetch GET 200 https://registry.npmjs.org/file-type 107ms (cache revalidated)
npm http fetch GET 200 https://registry.npmjs.org/seek-bzip 109ms (cache revalidated)
npm http fetch GET 200 https://registry.npmjs.org/is-natural-number 109ms (cache revalidated)
npm http fetch GET 200 https://registry.npmjs.org/file-type 244ms (cache revalidated)
npm http fetch GET 200 https://registry.npmjs.org/to-buffer 88ms (cache revalidated)
npm http fetch GET 200 https://registry.npmjs.org/buffer-alloc 102ms (cache revalidated)
npm http fetch GET 200 https://registry.npmjs.org/pinkie-promise 239ms (cache revalidated)
npm http fetch GET 200 https://registry.npmjs.org/fast-safe-stringify 48ms (cache revalidated)
npm http fetch GET 200 https://registry.npmjs.org/es6-iterator 102ms (cache revalidated)
npm http fetch GET 200 https://registry.npmjs.org/next-tick 102ms (cache revalidated)
npm http fetch GET 200 https://registry.npmjs.org/type 103ms (cache revalidated)
npm http fetch GET 200 https://registry.npmjs.org/es6-symbol 110ms (cache revalidated)
npm http fetch GET 200 https://registry.npmjs.org/ansi-regex 36ms (cache revalidated)
npm http fetch GET 200 https://registry.npmjs.org/ext 91ms (cache revalidated)
npm http fetch GET 200 https://registry.npmjs.org/mimic-fn 27ms (cache revalidated)
npm http fetch GET 200 https://registry.npmjs.org/pump 49ms (cache revalidated)
npm http fetch GET 200 https://registry.npmjs.org/bytes 51ms (cache revalidated)
npm http fetch GET 200 https://registry.npmjs.org/ee-first 44ms (cache revalidated)
npm http fetch GET 200 https://registry.npmjs.org/negotiator 53ms (cache revalidated)
npm http fetch GET 200 https://registry.npmjs.org/forwarded 46ms (cache revalidated)
npm http fetch GET 200 https://registry.npmjs.org/unpipe 56ms (cache revalidated)
npm http fetch GET 200 https://registry.npmjs.org/toidentifier 51ms (cache revalidated)
npm http fetch GET 200 https://registry.npmjs.org/raw-body 57ms (cache revalidated)
npm http fetch GET 200 https://registry.npmjs.org/unpipe 53ms (cache revalidated)
npm http fetch GET 200 https://registry.npmjs.org/media-typer 48ms (cache revalidated)
npm http fetch GET 200 https://registry.npmjs.org/mime 51ms (cache revalidated)
npm http fetch GET 200 https://registry.npmjs.org/destroy 65ms (cache revalidated)
npm http fetch GET 200 https://registry.npmjs.org/ipaddr.js 70ms (cache revalidated)
npm http fetch GET 200 https://registry.npmjs.org/iconv-lite 258ms (cache revalidated)
npm http fetch GET 200 https://registry.npmjs.org/safer-buffer 43ms (cache revalidated)
npm http fetch GET 200 https://registry.npmjs.org/fastq 41ms (cache revalidated)
npm http fetch GET 200 https://registry.npmjs.org/@nodelib%2ffs.scandir 62ms (cache revalidated)
npm http fetch GET 200 https://registry.npmjs.org/run-parallel 28ms (cache revalidated)
npm http fetch GET 200 https://registry.npmjs.org/reusify 58ms (cache revalidated)
npm http fetch GET 200 https://registry.npmjs.org/queue-microtask 34ms (cache revalidated)
npm http fetch GET 200 https://registry.npmjs.org/is-number 28ms (cache revalidated)
npm http fetch GET 200 https://registry.npmjs.org/pinkie 90ms (cache revalidated)
npm http fetch GET 200 https://registry.npmjs.org/wrappy 29ms (cache revalidated)
npm http fetch GET 200 https://registry.npmjs.org/brace-expansion 42ms (cache revalidated)
npm http fetch GET 200 https://registry.npmjs.org/json-schema 61ms (cache revalidated)
npm http fetch GET 200 https://registry.npmjs.org/asn1 92ms (cache revalidated)
npm http fetch GET 200 https://registry.npmjs.org/tweetnacl 98ms (cache revalidated)
npm http fetch GET 200 https://registry.npmjs.org/ecc-jsbn 98ms (cache revalidated)
npm http fetch GET 200 https://registry.npmjs.org/getpass 105ms (cache revalidated)
npm http fetch GET 200 https://registry.npmjs.org/dashdash 113ms (cache revalidated)
npm http fetch GET 200 https://registry.npmjs.org/bcrypt-pbkdf 128ms (cache revalidated)
npm http fetch GET 200 https://registry.npmjs.org/jsbn 133ms (cache revalidated)
npm http fetch GET 200 https://registry.npmjs.org/callsites 46ms (cache revalidated)
npm http fetch GET 200 https://registry.npmjs.org/acorn-walk 52ms (cache revalidated)
npm http fetch GET 200 https://registry.npmjs.org/acorn 53ms (cache revalidated)
npm http fetch GET 200 https://registry.npmjs.org/simple-concat 97ms (cache revalidated)
npm http fetch GET 200 https://registry.npmjs.org/dash-ast 99ms (cache revalidated)
npm http fetch GET 200 https://registry.npmjs.org/get-assigned-identifiers 113ms (cache revalidated)
npm http fetch GET 200 https://registry.npmjs.org/tslib 29ms (cache revalidated)
npm http fetch GET 200 https://registry.npmjs.org/ansi-escapes 36ms (cache revalidated)
npm http fetch GET 200 https://registry.npmjs.org/aggregate-error 92ms (cache revalidated)
npm http fetch GET 200 https://registry.npmjs.org/astral-regex 32ms (cache revalidated)
npm http fetch GET 200 https://registry.npmjs.org/type-fest 47ms (cache revalidated)
npm http fetch GET 200 https://registry.npmjs.org/balanced-match 30ms (cache revalidated)
npm http fetch GET 200 https://registry.npmjs.org/concat-map 31ms (cache revalidated)
npm http fetch GET 200 https://registry.npmjs.org/locate-path 39ms (cache revalidated)
npm http fetch GET 200 https://registry.npmjs.org/path-exists 47ms (cache revalidated)
npm http fetch GET 200 https://registry.npmjs.org/camelcase 53ms (cache revalidated)
npm http fetch GET 200 https://registry.npmjs.org/is-plain-obj 120ms (cache revalidated)
npm http fetch GET 200 https://registry.npmjs.org/flat 121ms (cache revalidated)
npm http fetch GET 200 https://registry.npmjs.org/p-locate 56ms (cache revalidated)
npm http fetch GET 200 https://registry.npmjs.org/p-limit 43ms (cache revalidated)
npm http fetch GET 200 https://registry.npmjs.org/charenc 79ms (cache revalidated)
npm http fetch GET 200 https://registry.npmjs.org/crypt 111ms (cache revalidated)
npm http fetch GET 200 https://registry.npmjs.org/validator 38ms (cache revalidated)
npm http fetch GET 200 https://registry.npmjs.org/dateformat 44ms (cache revalidated)
npm http fetch GET 200 https://registry.npmjs.org/prop-types 44ms (cache revalidated)
npm http fetch GET 200 https://registry.npmjs.org/fsu 84ms (cache revalidated)
npm http fetch GET 200 https://registry.npmjs.org/tcomb-validation 102ms (cache revalidated)
npm http fetch GET 200 https://registry.npmjs.org/tcomb 104ms (cache revalidated)
npm http fetch GET 200 https://registry.npmjs.org/opener 110ms (cache revalidated)
npm http fetch GET 200 https://registry.npmjs.org/loose-envify 28ms (cache revalidated)
npm http fetch GET 200 https://registry.npmjs.org/react-is 98ms (cache revalidated)
npm http fetch GET 200 https://registry.npmjs.org/thenify 95ms (cache revalidated)
npm http fetch GET 200 https://registry.npmjs.org/easy-stack 98ms (cache revalidated)
npm http fetch GET 200 https://registry.npmjs.org/set-function-length 35ms (cache revalidated)
npm http fetch GET 200 https://registry.npmjs.org/has-property-descriptors 36ms (cache revalidated)
npm http fetch GET 200 https://registry.npmjs.org/get-intrinsic 40ms (cache revalidated)
npm http fetch GET 200 https://registry.npmjs.org/define-data-property 46ms (cache revalidated)
npm http fetch GET 200 https://registry.npmjs.org/function-bind 91ms (cache revalidated)
npm http fetch GET 200 https://registry.npmjs.org/hasown 26ms (cache revalidated)
npm http fetch GET 200 https://registry.npmjs.org/gopd 35ms (cache revalidated)
npm http fetch GET 200 https://registry.npmjs.org/has-proto 46ms (cache revalidated)
npm http fetch GET 200 https://registry.npmjs.org/is-docker 31ms (cache revalidated)
npm http fetch GET 200 https://registry.npmjs.org/is-docker 36ms (cache revalidated)
npm http fetch GET 200 https://registry.npmjs.org/default-browser-id 103ms (cache revalidated)
npm http fetch GET 200 https://registry.npmjs.org/titleize 1376ms (cache revalidated)
npm http fetch GET 200 https://registry.npmjs.org/bundle-name 2072ms (cache revalidated)
npm http fetch GET 200 https://registry.npmjs.org/bplist-parser 110ms (cache revalidated)
npm http fetch GET 200 https://registry.npmjs.org/run-applescript 1994ms (cache revalidated)
npm http fetch GET 200 https://registry.npmjs.org/big-integer 97ms (cache revalidated)
npm http fetch GET 200 https://registry.npmjs.org/yocto-queue 34ms (cache revalidated)
npm http fetch GET 200 https://registry.npmjs.org/clean-stack 102ms (cache revalidated)
npm http fetch GET 200 https://registry.npmjs.org/is-arrayish 35ms (cache revalidated)
npm http fetch GET 200 https://registry.npmjs.org/duplexer 55ms (cache revalidated)
npm http fetch GET 200 https://registry.npmjs.org/map-stream 88ms (cache revalidated)
npm http fetch GET 200 https://registry.npmjs.org/stream-combiner 88ms (cache revalidated)
npm http fetch GET 200 https://registry.npmjs.org/pause-stream 90ms (cache revalidated)
npm http fetch GET 200 https://registry.npmjs.org/split 94ms (cache revalidated)
npm http fetch GET 200 https://registry.npmjs.org/from 1197ms (cache revalidated)
npm http fetch GET 200 https://registry.npmjs.org/unicode-property-aliases-ecmascript 31ms (cache revalidated)
npm http fetch GET 200 https://registry.npmjs.org/unicode-canonical-property-names-ecmascript 34ms (cache revalidated)
npm http fetch GET 200 https://registry.npmjs.org/har-schema 95ms (cache revalidated)
npm http fetch GET 200 https://registry.npmjs.org/fast-json-stable-stringify 37ms (cache revalidated)
npm http fetch GET 200 https://registry.npmjs.org/jsonify 118ms (cache revalidated)
npm http fetch GET 200 https://registry.npmjs.org/stackframe 53ms (cache revalidated)
npm http fetch GET 200 https://registry.npmjs.org/lower-case 34ms (cache revalidated)
npm http fetch GET 200 https://registry.npmjs.org/querystringify 33ms (cache revalidated)
npm http fetch GET 200 https://registry.npmjs.org/requires-port 33ms (cache revalidated)
npm http fetch GET 200 https://registry.npmjs.org/unique-string 44ms (cache revalidated)
npm http fetch GET 200 https://registry.npmjs.org/cli-boxes 94ms (cache revalidated)
npm http fetch GET 200 https://registry.npmjs.org/ansi-align 100ms (cache revalidated)
npm http fetch GET 200 https://registry.npmjs.org/write-file-atomic 101ms (cache revalidated)
npm http fetch GET 200 https://registry.npmjs.org/package-json 98ms (cache revalidated)
npm http fetch GET 200 https://registry.npmjs.org/widest-line 105ms (cache revalidated)
npm http fetch GET 200 https://registry.npmjs.org/escape-goat 109ms (cache revalidated)
npm http fetch GET 200 https://registry.npmjs.org/dot-prop 140ms (cache revalidated)
npm http fetch GET 200 https://registry.npmjs.org/crypto-random-string 34ms (cache revalidated)
npm http fetch GET 200 https://registry.npmjs.org/is-obj 53ms (cache revalidated)
npm http fetch GET 200 https://registry.npmjs.org/imurmurhash 95ms (cache revalidated)
npm http fetch GET 200 https://registry.npmjs.org/typedarray-to-buffer 115ms (cache revalidated)
npm http fetch GET 200 https://registry.npmjs.org/registry-auth-token 93ms (cache revalidated)
npm http fetch GET 200 https://registry.npmjs.org/registry-url 102ms (cache revalidated)
npm http fetch GET 200 https://registry.npmjs.org/got 129ms (cache revalidated)
npm http fetch GET 200 https://registry.npmjs.org/duplexer3 93ms (cache revalidated)
npm http fetch GET 200 https://registry.npmjs.org/rc 95ms (cache revalidated)
npm http fetch GET 200 https://registry.npmjs.org/url-parse-lax 101ms (cache revalidated)
npm http fetch GET 200 https://registry.npmjs.org/lowercase-keys 107ms (cache revalidated)
npm http fetch GET 200 https://registry.npmjs.org/to-readable-stream 111ms (cache revalidated)
npm http fetch GET 200 https://registry.npmjs.org/p-cancelable 116ms (cache revalidated)
npm http fetch GET 200 https://registry.npmjs.org/rc 116ms (cache revalidated)
npm http fetch GET 200 https://registry.npmjs.org/decompress-response 126ms (cache revalidated)
npm http fetch GET 200 https://registry.npmjs.org/mimic-response 193ms (cache revalidated)
npm http fetch GET 200 https://registry.npmjs.org/cacheable-request 243ms (cache revalidated)
npm http fetch GET 200 https://registry.npmjs.org/@szmarczak%2fhttp-timer 589ms (cache revalidated)
npm http fetch GET 200 https://registry.npmjs.org/@sindresorhus%2fis 625ms (cache revalidated)
npm http fetch GET 200 https://registry.npmjs.org/keyv 43ms (cache revalidated)
npm http fetch GET 200 https://registry.npmjs.org/normalize-url 48ms (cache revalidated)
npm http fetch GET 200 https://registry.npmjs.org/responselike 95ms (cache revalidated)
npm http fetch GET 200 https://registry.npmjs.org/prepend-http 92ms (cache revalidated)
npm http fetch GET 200 https://registry.npmjs.org/clone-response 105ms (cache revalidated)
npm http fetch GET 200 https://registry.npmjs.org/defer-to-connect 111ms (cache revalidated)
npm http fetch GET 200 https://registry.npmjs.org/http-cache-semantics 114ms (cache revalidated)
npm http fetch GET 200 https://registry.npmjs.org/json-buffer 44ms (cache revalidated)
npm http fetch GET 200 https://registry.npmjs.org/deep-extend 118ms (cache revalidated)
npm http fetch GET 200 https://registry.npmjs.org/pend 117ms (cache revalidated)
npm http fetch GET 200 https://registry.npmjs.org/crc32-stream 107ms (cache revalidated)
npm http fetch GET 200 https://registry.npmjs.org/crc-32 2720ms (cache revalidated)
npm http fetch GET 200 https://registry.npmjs.org/json-parse-better-errors 40ms (cache revalidated)
npm http fetch GET 200 https://registry.npmjs.org/esprima 96ms (cache revalidated)
npm http fetch GET 200 https://registry.npmjs.org/sprintf-js 50ms (cache revalidated)
npm http fetch GET 200 https://registry.npmjs.org/buffer-alloc-unsafe 101ms (cache revalidated)
npm http fetch GET 200 https://registry.npmjs.org/buffer-fill 104ms (cache revalidated)
npm http fetch GET 200 https://registry.npmjs.org/is-typed-array 27ms (cache revalidated)
npm http fetch GET 200 https://registry.npmjs.org/is-generator-function 29ms (cache revalidated)
npm http fetch GET 200 https://registry.npmjs.org/is-arguments 37ms (cache revalidated)
npm http fetch GET 200 https://registry.npmjs.org/which-typed-array 45ms (cache revalidated)
npm http fetch GET 200 https://registry.npmjs.org/has-tostringtag 36ms (cache revalidated)
npm http fetch GET 200 https://registry.npmjs.org/for-each 40ms (cache revalidated)
npm http fetch GET 200 https://registry.npmjs.org/available-typed-arrays 42ms (cache revalidated)
npm http fetch GET 200 https://registry.npmjs.org/is-callable 38ms (cache revalidated)
npm http fetch GET 200 https://registry.npmjs.org/p-try 29ms (cache revalidated)
npm verb reify failed optional dependency C:\Users\abuba\OneDrive\Documents\base_cypress_framework-main\tmpBstackPackages\node_modules\fsevents
npm http fetch POST 200 https://registry.npmjs.org/-/npm/v1/security/advisories/bulk 887ms
npm WARN deprecated @types/cypress@1.1.3: This is a stub types definition for cypress (https://cypress.io). cypress provides its own type definitions, so you don't need @types/cypress installed!
npm WARN deprecated @babel/plugin-proposal-class-properties@7.18.6: This proposal has been merged to the ECMAScript standard and thus this plugin is no longer maintained. Please use @babel/plugin-transform-class-properties instead.
npm WARN deprecated cypress-xpath@2.0.1: Package no longer supported. Contact Support at https://www.npmjs.com/support for more info.
npm WARN deprecated har-validator@5.1.5: this library is no longer supported
npm WARN deprecated @babel/plugin-proposal-object-rest-spread@7.20.7: This proposal has been merged to the ECMAScript standard and thus this plugin is no longer maintained. Please use @babel/plugin-transform-object-rest-spread instead.
npm WARN deprecated uuid@3.4.0: Please upgrade  to version 7 or higher.  Older versions may use Math.random() in certain circumstances, which is known to be problematic.  See https://v8.dev/blog/math-random for details.
npm WARN deprecated request@2.88.2: request has been deprecated, see https://github.com/request/request/issues/3142
npm WARN deprecated gherkin@5.1.0: This package is now published under @cucumber/gherkin
npm WARN deprecated cucumber-expressions@6.6.2: This package is now published under @cucumber/cucumber-expressions
npm WARN deprecated cucumber-expressions@5.0.18: This package is now published under @cucumber/cucumber-expressions
npm WARN deprecated cucumber@4.2.1: Cucumber is publishing new releases under @cucumber/cucumber
npm WARN deprecated core-js@2.6.12: core-js@<3.23.3 is no longer maintained and not recommended for usage due to the number of issues. Because of the V8 engine whims, feature detection in old core-js versions could cause a slowdown up to 100x even if nothing is polyfilled. Some versions have web compatibility issues. Please, upgrade your dependencies to the actual version of core-js.
npm info run @percy/core@1.27.7 postinstall node_modules/@percy/core node ./post-install
npm info run core-js@2.6.12 postinstall node_modules/core-js node -e "try{require('./postinstall')}catch(e){}"
npm info run cypress@12.17.4 postinstall node_modules/cypress node index.js --exec install
npm info run es5-ext@0.10.62 postinstall node_modules/es5-ext  node -e "try{require('./_postinstall')}catch(e){}" || exit 0
npm info run cucumber-expressions@5.0.18 postinstall node_modules/cucumber/node_modules/cucumber-expressions node scripts/postinstall.js
npm info run core-js@2.6.12 postinstall { code: 0, signal: null }
npm info run @percy/core@1.27.7 postinstall { code: 0, signal: null }
npm info run es5-ext@0.10.62 postinstall { code: 0, signal: null }
npm info run cucumber-expressions@5.0.18 postinstall { code: 0, signal: null }
npm info run cypress@12.17.4 postinstall { code: 0, signal: null }

added 1091 packages, and audited 1092 packages in 1m

114 packages are looking for funding
  run `npm fund` for details

9 moderate severity vulnerabilities

To address all issues (including breaking changes), run:
  npm audit fix --force

Run `npm audit` for details.
npm verb exit 0
npm info ok 
